Analysis & Synthesis report for DE1_SOC_golden_top
Sat Oct 01 15:26:52 2016
Quartus Prime Version 16.0.0 Build 211 04/27/2016 SJ Lite Edition


---------------------
; Table of Contents ;
---------------------
  1. Legal Notice
  2. Analysis & Synthesis Summary
  3. Analysis & Synthesis Settings
  4. Parallel Compilation
  5. Analysis & Synthesis Source Files Read
  6. Analysis & Synthesis Resource Usage Summary
  7. Analysis & Synthesis Resource Utilization by Entity
  8. General Register Statistics
  9. Parameter Settings for User Entity Instance: gen_counter:clkd
 10. Parameter Settings for User Entity Instance: gen_counter:cnt1
 11. Port Connectivity Checks: "gen_counter:clkd"
 12. Post-Synthesis Netlist Statistics for Top Partition
 13. Elapsed Time Per Partition
 14. Analysis & Synthesis Messages



----------------
; Legal Notice ;
----------------
Copyright (C) 1991-2016 Altera Corporation. All rights reserved.
Your use of Altera Corporation's design tools, logic functions 
and other software and tools, and its AMPP partner logic 
functions, and any output files from any of the foregoing 
(including device programming or simulation files), and any 
associated documentation or information are expressly subject 
to the terms and conditions of the Altera Program License 
Subscription Agreement, the Altera Quartus Prime License Agreement,
the Altera MegaCore Function License Agreement, or other 
applicable license agreement, including, without limitation, 
that your use is for the sole purpose of programming logic 
devices manufactured by Altera and sold by Altera or its 
authorized distributors.  Please refer to the applicable 
agreement for further details.



+-------------------------------------------------------------------------------+
; Analysis & Synthesis Summary                                                  ;
+---------------------------------+---------------------------------------------+
; Analysis & Synthesis Status     ; Successful - Sat Oct 01 15:26:52 2016       ;
; Quartus Prime Version           ; 16.0.0 Build 211 04/27/2016 SJ Lite Edition ;
; Revision Name                   ; DE1_SOC_golden_top                          ;
; Top-level Entity Name           ; DE1_top                                     ;
; Family                          ; Cyclone V                                   ;
; Logic utilization (in ALMs)     ; N/A                                         ;
; Total registers                 ; 0                                           ;
; Total pins                      ; 75                                          ;
; Total virtual pins              ; 0                                           ;
; Total block memory bits         ; 0                                           ;
; Total DSP Blocks                ; 0                                           ;
; Total HSSI RX PCSs              ; 0                                           ;
; Total HSSI PMA RX Deserializers ; 0                                           ;
; Total HSSI TX PCSs              ; 0                                           ;
; Total HSSI PMA TX Serializers   ; 0                                           ;
; Total PLLs                      ; 0                                           ;
; Total DLLs                      ; 0                                           ;
+---------------------------------+---------------------------------------------+


+---------------------------------------------------------------------------------------------------------------------------+
; Analysis & Synthesis Settings                                                                                             ;
+---------------------------------------------------------------------------------+--------------------+--------------------+
; Option                                                                          ; Setting            ; Default Value      ;
+---------------------------------------------------------------------------------+--------------------+--------------------+
; Device                                                                          ; 5CSEMA5F31C6       ;                    ;
; Top-level entity name                                                           ; DE1_top            ; DE1_SOC_golden_top ;
; Family name                                                                     ; Cyclone V          ; Cyclone IV GX      ;
; Use smart compilation                                                           ; Off                ; Off                ;
; Enable parallel Assembler and TimeQuest Timing Analyzer during compilation      ; On                 ; On                 ;
; Enable compact report table                                                     ; Off                ; Off                ;
; Restructure Multiplexers                                                        ; Auto               ; Auto               ;
; MLAB Add Timing Constraints For Mixed-Port Feed-Through Mode Setting Don't Care ; Off                ; Off                ;
; Create Debugging Nodes for IP Cores                                             ; Off                ; Off                ;
; Preserve fewer node names                                                       ; On                 ; On                 ;
; Disable OpenCore Plus hardware evaluation                                       ; Off                ; Off                ;
; Verilog Version                                                                 ; Verilog_2001       ; Verilog_2001       ;
; VHDL Version                                                                    ; VHDL_1993          ; VHDL_1993          ;
; State Machine Processing                                                        ; Auto               ; Auto               ;
; Safe State Machine                                                              ; Off                ; Off                ;
; Extract Verilog State Machines                                                  ; On                 ; On                 ;
; Extract VHDL State Machines                                                     ; On                 ; On                 ;
; Ignore Verilog initial constructs                                               ; Off                ; Off                ;
; Iteration limit for constant Verilog loops                                      ; 5000               ; 5000               ;
; Iteration limit for non-constant Verilog loops                                  ; 250                ; 250                ;
; Add Pass-Through Logic to Inferred RAMs                                         ; On                 ; On                 ;
; Infer RAMs from Raw Logic                                                       ; On                 ; On                 ;
; Parallel Synthesis                                                              ; On                 ; On                 ;
; DSP Block Balancing                                                             ; Auto               ; Auto               ;
; NOT Gate Push-Back                                                              ; On                 ; On                 ;
; Power-Up Don't Care                                                             ; On                 ; On                 ;
; Remove Redundant Logic Cells                                                    ; Off                ; Off                ;
; Remove Duplicate Registers                                                      ; On                 ; On                 ;
; Ignore CARRY Buffers                                                            ; Off                ; Off                ;
; Ignore CASCADE Buffers                                                          ; Off                ; Off                ;
; Ignore GLOBAL Buffers                                                           ; Off                ; Off                ;
; Ignore ROW GLOBAL Buffers                                                       ; Off                ; Off                ;
; Ignore LCELL Buffers                                                            ; Off                ; Off                ;
; Ignore SOFT Buffers                                                             ; On                 ; On                 ;
; Limit AHDL Integers to 32 Bits                                                  ; Off                ; Off                ;
; Optimization Technique                                                          ; Balanced           ; Balanced           ;
; Carry Chain Length                                                              ; 70                 ; 70                 ;
; Auto Carry Chains                                                               ; On                 ; On                 ;
; Auto Open-Drain Pins                                                            ; On                 ; On                 ;
; Perform WYSIWYG Primitive Resynthesis                                           ; Off                ; Off                ;
; Auto ROM Replacement                                                            ; On                 ; On                 ;
; Auto RAM Replacement                                                            ; On                 ; On                 ;
; Auto DSP Block Replacement                                                      ; On                 ; On                 ;
; Auto Shift Register Replacement                                                 ; Auto               ; Auto               ;
; Allow Shift Register Merging across Hierarchies                                 ; Auto               ; Auto               ;
; Auto Clock Enable Replacement                                                   ; On                 ; On                 ;
; Strict RAM Replacement                                                          ; Off                ; Off                ;
; Allow Synchronous Control Signals                                               ; On                 ; On                 ;
; Force Use of Synchronous Clear Signals                                          ; Off                ; Off                ;
; Auto Resource Sharing                                                           ; Off                ; Off                ;
; Allow Any RAM Size For Recognition                                              ; Off                ; Off                ;
; Allow Any ROM Size For Recognition                                              ; Off                ; Off                ;
; Allow Any Shift Register Size For Recognition                                   ; Off                ; Off                ;
; Use LogicLock Constraints during Resource Balancing                             ; On                 ; On                 ;
; Ignore translate_off and synthesis_off directives                               ; Off                ; Off                ;
; Timing-Driven Synthesis                                                         ; On                 ; On                 ;
; Report Parameter Settings                                                       ; On                 ; On                 ;
; Report Source Assignments                                                       ; On                 ; On                 ;
; Report Connectivity Checks                                                      ; On                 ; On                 ;
; Ignore Maximum Fan-Out Assignments                                              ; Off                ; Off                ;
; Synchronization Register Chain Length                                           ; 3                  ; 3                  ;
; PowerPlay Power Optimization During Synthesis                                   ; Normal compilation ; Normal compilation ;
; HDL message level                                                               ; Level2             ; Level2             ;
; Suppress Register Optimization Related Messages                                 ; Off                ; Off                ;
; Number of Removed Registers Reported in Synthesis Report                        ; 5000               ; 5000               ;
; Number of Swept Nodes Reported in Synthesis Report                              ; 5000               ; 5000               ;
; Number of Inverted Registers Reported in Synthesis Report                       ; 100                ; 100                ;
; Clock MUX Protection                                                            ; On                 ; On                 ;
; Auto Gated Clock Conversion                                                     ; Off                ; Off                ;
; Block Design Naming                                                             ; Auto               ; Auto               ;
; SDC constraint protection                                                       ; Off                ; Off                ;
; Synthesis Effort                                                                ; Auto               ; Auto               ;
; Shift Register Replacement - Allow Asynchronous Clear Signal                    ; On                 ; On                 ;
; Pre-Mapping Resynthesis Optimization                                            ; Off                ; Off                ;
; Analysis & Synthesis Message Level                                              ; Medium             ; Medium             ;
; Disable Register Merging Across Hierarchies                                     ; Auto               ; Auto               ;
; Resource Aware Inference For Block RAM                                          ; On                 ; On                 ;
; Synthesis Seed                                                                  ; 1                  ; 1                  ;
; Automatic Parallel Synthesis                                                    ; On                 ; On                 ;
; Partial Reconfiguration Bitstream ID                                            ; Off                ; Off                ;
+---------------------------------------------------------------------------------+--------------------+--------------------+


+------------------------------------------+
; Parallel Compilation                     ;
+----------------------------+-------------+
; Processors                 ; Number      ;
+----------------------------+-------------+
; Number detected on machine ; 2           ;
; Maximum allowed            ; 2           ;
;                            ;             ;
; Average used               ; 1.00        ;
; Maximum used               ; 1           ;
;                            ;             ;
; Usage by Processor         ; % Time Used ;
;     Processor 1            ; 100.0%      ;
+----------------------------+-------------+


+------------------------------------------------------------------------------------------------------------------------------------------------------------+
; Analysis & Synthesis Source Files Read                                                                                                                     ;
+----------------------------------+-----------------+-----------------+---------------------------------------------------------------------------+---------+
; File Name with User-Entered Path ; Used in Netlist ; File Type       ; File Name with Absolute Path                                              ; Library ;
+----------------------------------+-----------------+-----------------+---------------------------------------------------------------------------+---------+
; gen_counter.vhd                  ; yes             ; User VHDL File  ; C:/Users/Paul/Documents/Homework/Digital_Logic_Lab/lab_01/gen_counter.vhd ;         ;
; DE1_top.vhd                      ; yes             ; User VHDL File  ; C:/Users/Paul/Documents/Homework/Digital_Logic_Lab/lab_01/DE1_top.vhd     ;         ;
+----------------------------------+-----------------+-----------------+---------------------------------------------------------------------------+---------+


+--------------------------------------------------------+
; Analysis & Synthesis Resource Usage Summary            ;
+---------------------------------------------+----------+
; Resource                                    ; Usage    ;
+---------------------------------------------+----------+
; Estimate of Logic utilization (ALMs needed) ; 0        ;
;                                             ;          ;
; Combinational ALUT usage for logic          ; 0        ;
;     -- 7 input functions                    ; 0        ;
;     -- 6 input functions                    ; 0        ;
;     -- 5 input functions                    ; 0        ;
;     -- 4 input functions                    ; 0        ;
;     -- <=3 input functions                  ; 0        ;
;                                             ;          ;
; Dedicated logic registers                   ; 0        ;
;                                             ;          ;
; I/O pins                                    ; 75       ;
;                                             ;          ;
; Total DSP Blocks                            ; 0        ;
;                                             ;          ;
; Maximum fan-out node                        ; CLOCK_50 ;
; Maximum fan-out                             ; 1        ;
; Total fan-out                               ; 75       ;
; Average fan-out                             ; 0.50     ;
+---------------------------------------------+----------+


+-------------------------------------------------------------------------------------------------------------------------------------------------------------------------+
; Analysis & Synthesis Resource Utilization by Entity                                                                                                                     ;
+----------------------------+-------------------+--------------+-------------------+------------+------+--------------+---------------------+-------------+--------------+
; Compilation Hierarchy Node ; LC Combinationals ; LC Registers ; Block Memory Bits ; DSP Blocks ; Pins ; Virtual Pins ; Full Hierarchy Name ; Entity Name ; Library Name ;
+----------------------------+-------------------+--------------+-------------------+------------+------+--------------+---------------------+-------------+--------------+
; |DE1_top                   ; 0 (0)             ; 0 (0)        ; 0                 ; 0          ; 75   ; 0            ; |DE1_top            ; DE1_top     ; work         ;
+----------------------------+-------------------+--------------+-------------------+------------+------+--------------+---------------------+-------------+--------------+
Note: For table entries with two numbers listed, the numbers in parentheses indicate the number of resources of the given type used by the specific entity alone. The numbers listed outside of parentheses indicate the total resources of the given type used by the specific entity and all of its sub-entities in the hierarchy.


+------------------------------------------------------+
; General Register Statistics                          ;
+----------------------------------------------+-------+
; Statistic                                    ; Value ;
+----------------------------------------------+-------+
; Total registers                              ; 0     ;
; Number of registers using Synchronous Clear  ; 0     ;
; Number of registers using Synchronous Load   ; 0     ;
; Number of registers using Asynchronous Clear ; 0     ;
; Number of registers using Asynchronous Load  ; 0     ;
; Number of registers using Clock Enable       ; 0     ;
; Number of registers using Preset             ; 0     ;
+----------------------------------------------+-------+


+---------------------------------------------------------------+
; Parameter Settings for User Entity Instance: gen_counter:clkd ;
+----------------+----------+-----------------------------------+
; Parameter Name ; Value    ; Type                              ;
+----------------+----------+-----------------------------------+
; wide           ; 28       ; Signed Integer                    ;
; max            ; 50000000 ; Signed Integer                    ;
+----------------+----------+-----------------------------------+
Note: In order to hide this table in the UI and the text report file, please set the "Show Parameter Settings in Synthesis Report" option in "Analysis and Synthesis Settings -> More Settings" to "Off".


+---------------------------------------------------------------+
; Parameter Settings for User Entity Instance: gen_counter:cnt1 ;
+----------------+-------+--------------------------------------+
; Parameter Name ; Value ; Type                                 ;
+----------------+-------+--------------------------------------+
; wide           ; 4     ; Signed Integer                       ;
; max            ; 5     ; Signed Integer                       ;
+----------------+-------+--------------------------------------+
Note: In order to hide this table in the UI and the text report file, please set the "Show Parameter Settings in Synthesis Report" option in "Analysis and Synthesis Settings -> More Settings" to "Off".


+------------------------------------------------------------------------------------------------------------------+
; Port Connectivity Checks: "gen_counter:clkd"                                                                     ;
+--------+--------+----------+-------------------------------------------------------------------------------------+
; Port   ; Type   ; Severity ; Details                                                                             ;
+--------+--------+----------+-------------------------------------------------------------------------------------+
; data   ; Input  ; Info     ; Stuck at GND                                                                        ;
; load   ; Input  ; Info     ; Stuck at GND                                                                        ;
; enable ; Input  ; Info     ; Stuck at VCC                                                                        ;
; reset  ; Input  ; Info     ; Stuck at GND                                                                        ;
; count  ; Output ; Info     ; Connected to dangling logic. Logic that only feeds a dangling port will be removed. ;
+--------+--------+----------+-------------------------------------------------------------------------------------+


+-----------------------------------------------------+
; Post-Synthesis Netlist Statistics for Top Partition ;
+-----------------------+-----------------------------+
; Type                  ; Count                       ;
+-----------------------+-----------------------------+
; arriav_lcell_comb     ; 1                           ;
;     normal            ; 1                           ;
;         0 data inputs ; 1                           ;
; boundary_port         ; 75                          ;
;                       ;                             ;
; Max LUT depth         ; 0.00                        ;
; Average LUT depth     ; 0.00                        ;
+-----------------------+-----------------------------+


+-------------------------------+
; Elapsed Time Per Partition    ;
+----------------+--------------+
; Partition Name ; Elapsed Time ;
+----------------+--------------+
; Top            ; 00:00:02     ;
+----------------+--------------+


+-------------------------------+
; Analysis & Synthesis Messages ;
+-------------------------------+
Info: *******************************************************************
Info: Running Quartus Prime Analysis & Synthesis
    Info: Version 16.0.0 Build 211 04/27/2016 SJ Lite Edition
    Info: Processing started: Sat Oct 01 15:25:58 2016
Info: Command: quartus_map --read_settings_files=on --write_settings_files=off DE1_base -c DE1_SOC_golden_top
Warning (18236): Number of processors has not been specified which may cause overloading on shared machines.  Set the global assignment NUM_PARALLEL_PROCESSORS in your QSF to an appropriate value for best performance.
Info (20030): Parallel compilation is enabled and will use 2 of the 2 processors detected
Info (12021): Found 2 design units, including 1 entities, in source file gen_counter.vhd
    Info (12022): Found design unit 1: gen_counter-rtl File: C:/Users/Paul/Documents/Homework/Digital_Logic_Lab/lab_01/gen_counter.vhd Line: 21
    Info (12023): Found entity 1: gen_counter File: C:/Users/Paul/Documents/Homework/Digital_Logic_Lab/lab_01/gen_counter.vhd Line: 5
Info (12021): Found 2 design units, including 1 entities, in source file seven_seg.vhd
    Info (12022): Found design unit 1: seven_seg-rtl File: C:/Users/Paul/Documents/Homework/Digital_Logic_Lab/lab_01/seven_seg.vhd Line: 12
    Info (12023): Found entity 1: seven_seg File: C:/Users/Paul/Documents/Homework/Digital_Logic_Lab/lab_01/seven_seg.vhd Line: 5
Info (12021): Found 2 design units, including 1 entities, in source file de1_top.vhd
    Info (12022): Found design unit 1: DE1_top-struct File: C:/Users/Paul/Documents/Homework/Digital_Logic_Lab/lab_01/DE1_top.vhd Line: 43
    Info (12023): Found entity 1: DE1_top File: C:/Users/Paul/Documents/Homework/Digital_Logic_Lab/lab_01/DE1_top.vhd Line: 8
Info (12127): Elaborating entity "DE1_top" for the top level hierarchy
Warning (10541): VHDL Signal Declaration warning at DE1_top.vhd(20): used implicit default value for signal "HEX0" because signal was never assigned a value or an explicit default value. Use of implicit default value may introduce unintended design optimizations. File: C:/Users/Paul/Documents/Homework/Digital_Logic_Lab/lab_01/DE1_top.vhd Line: 20
Warning (10541): VHDL Signal Declaration warning at DE1_top.vhd(21): used implicit default value for signal "HEX1" because signal was never assigned a value or an explicit default value. Use of implicit default value may introduce unintended design optimizations. File: C:/Users/Paul/Documents/Homework/Digital_Logic_Lab/lab_01/DE1_top.vhd Line: 21
Warning (10541): VHDL Signal Declaration warning at DE1_top.vhd(22): used implicit default value for signal "HEX2" because signal was never assigned a value or an explicit default value. Use of implicit default value may introduce unintended design optimizations. File: C:/Users/Paul/Documents/Homework/Digital_Logic_Lab/lab_01/DE1_top.vhd Line: 22
Warning (10541): VHDL Signal Declaration warning at DE1_top.vhd(23): used implicit default value for signal "HEX3" because signal was never assigned a value or an explicit default value. Use of implicit default value may introduce unintended design optimizations. File: C:/Users/Paul/Documents/Homework/Digital_Logic_Lab/lab_01/DE1_top.vhd Line: 23
Warning (10541): VHDL Signal Declaration warning at DE1_top.vhd(24): used implicit default value for signal "HEX4" because signal was never assigned a value or an explicit default value. Use of implicit default value may introduce unintended design optimizations. File: C:/Users/Paul/Documents/Homework/Digital_Logic_Lab/lab_01/DE1_top.vhd Line: 24
Warning (10541): VHDL Signal Declaration warning at DE1_top.vhd(25): used implicit default value for signal "HEX5" because signal was never assigned a value or an explicit default value. Use of implicit default value may introduce unintended design optimizations. File: C:/Users/Paul/Documents/Homework/Digital_Logic_Lab/lab_01/DE1_top.vhd Line: 25
Warning (10873): Using initial value X (don't care) for net "LEDR[15..4]" at DE1_top.vhd(29) File: C:/Users/Paul/Documents/Homework/Digital_Logic_Lab/lab_01/DE1_top.vhd Line: 29
Info (12128): Elaborating entity "gen_counter" for hierarchy "gen_counter:clkd" File: C:/Users/Paul/Documents/Homework/Digital_Logic_Lab/lab_01/DE1_top.vhd Line: 74
Warning (10541): VHDL Signal Declaration warning at gen_counter.vhd(23): used implicit default value for signal "i_count" because signal was never assigned a value or an explicit default value. Use of implicit default value may introduce unintended design optimizations. File: C:/Users/Paul/Documents/Homework/Digital_Logic_Lab/lab_01/gen_counter.vhd Line: 23
Warning (10541): VHDL Signal Declaration warning at gen_counter.vhd(24): used implicit default value for signal "i_term" because signal was never assigned a value or an explicit default value. Use of implicit default value may introduce unintended design optimizations. File: C:/Users/Paul/Documents/Homework/Digital_Logic_Lab/lab_01/gen_counter.vhd Line: 24
Info (12128): Elaborating entity "gen_counter" for hierarchy "gen_counter:cnt1" File: C:/Users/Paul/Documents/Homework/Digital_Logic_Lab/lab_01/DE1_top.vhd Line: 90
Warning (10541): VHDL Signal Declaration warning at gen_counter.vhd(23): used implicit default value for signal "i_count" because signal was never assigned a value or an explicit default value. Use of implicit default value may introduce unintended design optimizations. File: C:/Users/Paul/Documents/Homework/Digital_Logic_Lab/lab_01/gen_counter.vhd Line: 23
Warning (10541): VHDL Signal Declaration warning at gen_counter.vhd(24): used implicit default value for signal "i_term" because signal was never assigned a value or an explicit default value. Use of implicit default value may introduce unintended design optimizations. File: C:/Users/Paul/Documents/Homework/Digital_Logic_Lab/lab_01/gen_counter.vhd Line: 24
Warning (13024): Output pins are stuck at VCC or GND
    Warning (13410): Pin "HEX0[0]" is stuck at GND File: C:/Users/Paul/Documents/Homework/Digital_Logic_Lab/lab_01/DE1_top.vhd Line: 20
    Warning (13410): Pin "HEX0[1]" is stuck at GND File: C:/Users/Paul/Documents/Homework/Digital_Logic_Lab/lab_01/DE1_top.vhd Line: 20
    Warning (13410): Pin "HEX0[2]" is stuck at GND File: C:/Users/Paul/Documents/Homework/Digital_Logic_Lab/lab_01/DE1_top.vhd Line: 20
    Warning (13410): Pin "HEX0[3]" is stuck at GND File: C:/Users/Paul/Documents/Homework/Digital_Logic_Lab/lab_01/DE1_top.vhd Line: 20
    Warning (13410): Pin "HEX0[4]" is stuck at GND File: C:/Users/Paul/Documents/Homework/Digital_Logic_Lab/lab_01/DE1_top.vhd Line: 20
    Warning (13410): Pin "HEX0[5]" is stuck at GND File: C:/Users/Paul/Documents/Homework/Digital_Logic_Lab/lab_01/DE1_top.vhd Line: 20
    Warning (13410): Pin "HEX0[6]" is stuck at GND File: C:/Users/Paul/Documents/Homework/Digital_Logic_Lab/lab_01/DE1_top.vhd Line: 20
    Warning (13410): Pin "HEX1[0]" is stuck at GND File: C:/Users/Paul/Documents/Homework/Digital_Logic_Lab/lab_01/DE1_top.vhd Line: 21
    Warning (13410): Pin "HEX1[1]" is stuck at GND File: C:/Users/Paul/Documents/Homework/Digital_Logic_Lab/lab_01/DE1_top.vhd Line: 21
    Warning (13410): Pin "HEX1[2]" is stuck at GND File: C:/Users/Paul/Documents/Homework/Digital_Logic_Lab/lab_01/DE1_top.vhd Line: 21
    Warning (13410): Pin "HEX1[3]" is stuck at GND File: C:/Users/Paul/Documents/Homework/Digital_Logic_Lab/lab_01/DE1_top.vhd Line: 21
    Warning (13410): Pin "HEX1[4]" is stuck at GND File: C:/Users/Paul/Documents/Homework/Digital_Logic_Lab/lab_01/DE1_top.vhd Line: 21
    Warning (13410): Pin "HEX1[5]" is stuck at GND File: C:/Users/Paul/Documents/Homework/Digital_Logic_Lab/lab_01/DE1_top.vhd Line: 21
    Warning (13410): Pin "HEX1[6]" is stuck at GND File: C:/Users/Paul/Documents/Homework/Digital_Logic_Lab/lab_01/DE1_top.vhd Line: 21
    Warning (13410): Pin "HEX2[0]" is stuck at GND File: C:/Users/Paul/Documents/Homework/Digital_Logic_Lab/lab_01/DE1_top.vhd Line: 22
    Warning (13410): Pin "HEX2[1]" is stuck at GND File: C:/Users/Paul/Documents/Homework/Digital_Logic_Lab/lab_01/DE1_top.vhd Line: 22
    Warning (13410): Pin "HEX2[2]" is stuck at GND File: C:/Users/Paul/Documents/Homework/Digital_Logic_Lab/lab_01/DE1_top.vhd Line: 22
    Warning (13410): Pin "HEX2[3]" is stuck at GND File: C:/Users/Paul/Documents/Homework/Digital_Logic_Lab/lab_01/DE1_top.vhd Line: 22
    Warning (13410): Pin "HEX2[4]" is stuck at GND File: C:/Users/Paul/Documents/Homework/Digital_Logic_Lab/lab_01/DE1_top.vhd Line: 22
    Warning (13410): Pin "HEX2[5]" is stuck at GND File: C:/Users/Paul/Documents/Homework/Digital_Logic_Lab/lab_01/DE1_top.vhd Line: 22
    Warning (13410): Pin "HEX2[6]" is stuck at GND File: C:/Users/Paul/Documents/Homework/Digital_Logic_Lab/lab_01/DE1_top.vhd Line: 22
    Warning (13410): Pin "HEX3[0]" is stuck at GND File: C:/Users/Paul/Documents/Homework/Digital_Logic_Lab/lab_01/DE1_top.vhd Line: 23
    Warning (13410): Pin "HEX3[1]" is stuck at GND File: C:/Users/Paul/Documents/Homework/Digital_Logic_Lab/lab_01/DE1_top.vhd Line: 23
    Warning (13410): Pin "HEX3[2]" is stuck at GND File: C:/Users/Paul/Documents/Homework/Digital_Logic_Lab/lab_01/DE1_top.vhd Line: 23
    Warning (13410): Pin "HEX3[3]" is stuck at GND File: C:/Users/Paul/Documents/Homework/Digital_Logic_Lab/lab_01/DE1_top.vhd Line: 23
    Warning (13410): Pin "HEX3[4]" is stuck at GND File: C:/Users/Paul/Documents/Homework/Digital_Logic_Lab/lab_01/DE1_top.vhd Line: 23
    Warning (13410): Pin "HEX3[5]" is stuck at GND File: C:/Users/Paul/Documents/Homework/Digital_Logic_Lab/lab_01/DE1_top.vhd Line: 23
    Warning (13410): Pin "HEX3[6]" is stuck at GND File: C:/Users/Paul/Documents/Homework/Digital_Logic_Lab/lab_01/DE1_top.vhd Line: 23
    Warning (13410): Pin "HEX4[0]" is stuck at GND File: C:/Users/Paul/Documents/Homework/Digital_Logic_Lab/lab_01/DE1_top.vhd Line: 24
    Warning (13410): Pin "HEX4[1]" is stuck at GND File: C:/Users/Paul/Documents/Homework/Digital_Logic_Lab/lab_01/DE1_top.vhd Line: 24
    Warning (13410): Pin "HEX4[2]" is stuck at GND File: C:/Users/Paul/Documents/Homework/Digital_Logic_Lab/lab_01/DE1_top.vhd Line: 24
    Warning (13410): Pin "HEX4[3]" is stuck at GND File: C:/Users/Paul/Documents/Homework/Digital_Logic_Lab/lab_01/DE1_top.vhd Line: 24
    Warning (13410): Pin "HEX4[4]" is stuck at GND File: C:/Users/Paul/Documents/Homework/Digital_Logic_Lab/lab_01/DE1_top.vhd Line: 24
    Warning (13410): Pin "HEX4[5]" is stuck at GND File: C:/Users/Paul/Documents/Homework/Digital_Logic_Lab/lab_01/DE1_top.vhd Line: 24
    Warning (13410): Pin "HEX4[6]" is stuck at GND File: C:/Users/Paul/Documents/Homework/Digital_Logic_Lab/lab_01/DE1_top.vhd Line: 24
    Warning (13410): Pin "HEX5[0]" is stuck at GND File: C:/Users/Paul/Documents/Homework/Digital_Logic_Lab/lab_01/DE1_top.vhd Line: 25
    Warning (13410): Pin "HEX5[1]" is stuck at GND File: C:/Users/Paul/Documents/Homework/Digital_Logic_Lab/lab_01/DE1_top.vhd Line: 25
    Warning (13410): Pin "HEX5[2]" is stuck at GND File: C:/Users/Paul/Documents/Homework/Digital_Logic_Lab/lab_01/DE1_top.vhd Line: 25
    Warning (13410): Pin "HEX5[3]" is stuck at GND File: C:/Users/Paul/Documents/Homework/Digital_Logic_Lab/lab_01/DE1_top.vhd Line: 25
    Warning (13410): Pin "HEX5[4]" is stuck at GND File: C:/Users/Paul/Documents/Homework/Digital_Logic_Lab/lab_01/DE1_top.vhd Line: 25
    Warning (13410): Pin "HEX5[5]" is stuck at GND File: C:/Users/Paul/Documents/Homework/Digital_Logic_Lab/lab_01/DE1_top.vhd Line: 25
    Warning (13410): Pin "HEX5[6]" is stuck at GND File: C:/Users/Paul/Documents/Homework/Digital_Logic_Lab/lab_01/DE1_top.vhd Line: 25
    Warning (13410): Pin "LEDR[0]" is stuck at GND File: C:/Users/Paul/Documents/Homework/Digital_Logic_Lab/lab_01/DE1_top.vhd Line: 29
    Warning (13410): Pin "LEDR[1]" is stuck at GND File: C:/Users/Paul/Documents/Homework/Digital_Logic_Lab/lab_01/DE1_top.vhd Line: 29
    Warning (13410): Pin "LEDR[2]" is stuck at GND File: C:/Users/Paul/Documents/Homework/Digital_Logic_Lab/lab_01/DE1_top.vhd Line: 29
    Warning (13410): Pin "LEDR[3]" is stuck at GND File: C:/Users/Paul/Documents/Homework/Digital_Logic_Lab/lab_01/DE1_top.vhd Line: 29
    Warning (13410): Pin "LEDR[4]" is stuck at GND File: C:/Users/Paul/Documents/Homework/Digital_Logic_Lab/lab_01/DE1_top.vhd Line: 29
    Warning (13410): Pin "LEDR[5]" is stuck at GND File: C:/Users/Paul/Documents/Homework/Digital_Logic_Lab/lab_01/DE1_top.vhd Line: 29
    Warning (13410): Pin "LEDR[6]" is stuck at GND File: C:/Users/Paul/Documents/Homework/Digital_Logic_Lab/lab_01/DE1_top.vhd Line: 29
    Warning (13410): Pin "LEDR[7]" is stuck at GND File: C:/Users/Paul/Documents/Homework/Digital_Logic_Lab/lab_01/DE1_top.vhd Line: 29
    Warning (13410): Pin "LEDR[8]" is stuck at GND File: C:/Users/Paul/Documents/Homework/Digital_Logic_Lab/lab_01/DE1_top.vhd Line: 29
    Warning (13410): Pin "LEDR[9]" is stuck at GND File: C:/Users/Paul/Documents/Homework/Digital_Logic_Lab/lab_01/DE1_top.vhd Line: 29
    Warning (13410): Pin "LEDR[10]" is stuck at GND File: C:/Users/Paul/Documents/Homework/Digital_Logic_Lab/lab_01/DE1_top.vhd Line: 29
    Warning (13410): Pin "LEDR[11]" is stuck at GND File: C:/Users/Paul/Documents/Homework/Digital_Logic_Lab/lab_01/DE1_top.vhd Line: 29
    Warning (13410): Pin "LEDR[12]" is stuck at GND File: C:/Users/Paul/Documents/Homework/Digital_Logic_Lab/lab_01/DE1_top.vhd Line: 29
    Warning (13410): Pin "LEDR[13]" is stuck at GND File: C:/Users/Paul/Documents/Homework/Digital_Logic_Lab/lab_01/DE1_top.vhd Line: 29
    Warning (13410): Pin "LEDR[14]" is stuck at GND File: C:/Users/Paul/Documents/Homework/Digital_Logic_Lab/lab_01/DE1_top.vhd Line: 29
    Warning (13410): Pin "LEDR[15]" is stuck at GND File: C:/Users/Paul/Documents/Homework/Digital_Logic_Lab/lab_01/DE1_top.vhd Line: 29
    Warning (13410): Pin "LEDR[16]" is stuck at GND File: C:/Users/Paul/Documents/Homework/Digital_Logic_Lab/lab_01/DE1_top.vhd Line: 29
    Warning (13410): Pin "LEDR[17]" is stuck at GND File: C:/Users/Paul/Documents/Homework/Digital_Logic_Lab/lab_01/DE1_top.vhd Line: 29
Info (16010): Generating hard_block partition "hard_block:auto_generated_inst"
    Info (16011): Adding 0 node(s), including 0 DDIO, 0 PLL, 0 transceiver and 0 LCELL
Warning (21074): Design contains 15 input pin(s) that do not drive logic
    Warning (15610): No output dependent on input pin "CLOCK_50" File: C:/Users/Paul/Documents/Homework/Digital_Logic_Lab/lab_01/DE1_top.vhd Line: 14
    Warning (15610): No output dependent on input pin "KEY[0]" File: C:/Users/Paul/Documents/Homework/Digital_Logic_Lab/lab_01/DE1_top.vhd Line: 31
    Warning (15610): No output dependent on input pin "KEY[1]" File: C:/Users/Paul/Documents/Homework/Digital_Logic_Lab/lab_01/DE1_top.vhd Line: 31
    Warning (15610): No output dependent on input pin "KEY[2]" File: C:/Users/Paul/Documents/Homework/Digital_Logic_Lab/lab_01/DE1_top.vhd Line: 31
    Warning (15610): No output dependent on input pin "KEY[3]" File: C:/Users/Paul/Documents/Homework/Digital_Logic_Lab/lab_01/DE1_top.vhd Line: 31
    Warning (15610): No output dependent on input pin "SW[0]" File: C:/Users/Paul/Documents/Homework/Digital_Logic_Lab/lab_01/DE1_top.vhd Line: 34
    Warning (15610): No output dependent on input pin "SW[1]" File: C:/Users/Paul/Documents/Homework/Digital_Logic_Lab/lab_01/DE1_top.vhd Line: 34
    Warning (15610): No output dependent on input pin "SW[2]" File: C:/Users/Paul/Documents/Homework/Digital_Logic_Lab/lab_01/DE1_top.vhd Line: 34
    Warning (15610): No output dependent on input pin "SW[3]" File: C:/Users/Paul/Documents/Homework/Digital_Logic_Lab/lab_01/DE1_top.vhd Line: 34
    Warning (15610): No output dependent on input pin "SW[4]" File: C:/Users/Paul/Documents/Homework/Digital_Logic_Lab/lab_01/DE1_top.vhd Line: 34
    Warning (15610): No output dependent on input pin "SW[5]" File: C:/Users/Paul/Documents/Homework/Digital_Logic_Lab/lab_01/DE1_top.vhd Line: 34
    Warning (15610): No output dependent on input pin "SW[6]" File: C:/Users/Paul/Documents/Homework/Digital_Logic_Lab/lab_01/DE1_top.vhd Line: 34
    Warning (15610): No output dependent on input pin "SW[7]" File: C:/Users/Paul/Documents/Homework/Digital_Logic_Lab/lab_01/DE1_top.vhd Line: 34
    Warning (15610): No output dependent on input pin "SW[8]" File: C:/Users/Paul/Documents/Homework/Digital_Logic_Lab/lab_01/DE1_top.vhd Line: 34
    Warning (15610): No output dependent on input pin "SW[9]" File: C:/Users/Paul/Documents/Homework/Digital_Logic_Lab/lab_01/DE1_top.vhd Line: 34
Info (21057): Implemented 75 device resources after synthesis - the final resource count might be different
    Info (21058): Implemented 15 input pins
    Info (21059): Implemented 60 output pins
Info: Quartus Prime Analysis & Synthesis was successful. 0 errors, 89 warnings
    Info: Peak virtual memory: 958 megabytes
    Info: Processing ended: Sat Oct 01 15:26:53 2016
    Info: Elapsed time: 00:00:55
    Info: Total CPU time (on all processors): 00:01:07


