Flow report for DE1_SOC_golden_top
Sun Oct 02 20:10:51 2016
Quartus Prime Version 16.0.0 Build 211 04/27/2016 SJ Lite Edition


---------------------
; Table of Contents ;
---------------------
  1. Legal Notice
  2. Flow Summary
  3. Flow Settings
  4. Flow Non-Default Global Settings
  5. Flow Elapsed Time
  6. Flow OS Summary
  7. Flow Log
  8. Flow Messages
  9. Flow Suppressed Messages



----------------
; Legal Notice ;
----------------
Copyright (C) 1991-2016 Altera Corporation. All rights reserved.
Your use of Altera Corporation's design tools, logic functions 
and other software and tools, and its AMPP partner logic 
functions, and any output files from any of the foregoing 
(including device programming or simulation files), and any 
associated documentation or information are expressly subject 
to the terms and conditions of the Altera Program License 
Subscription Agreement, the Altera Quartus Prime License Agreement,
the Altera MegaCore Function License Agreement, or other 
applicable license agreement, including, without limitation, 
that your use is for the sole purpose of programming logic 
devices manufactured by Altera and sold by Altera or its 
authorized distributors.  Please refer to the applicable 
agreement for further details.



+-------------------------------------------------------------------------------+
; Flow Summary                                                                  ;
+---------------------------------+---------------------------------------------+
; Flow Status                     ; Successful - Sun Oct 02 20:10:50 2016       ;
; Quartus Prime Version           ; 16.0.0 Build 211 04/27/2016 SJ Lite Edition ;
; Revision Name                   ; DE1_SOC_golden_top                          ;
; Top-level Entity Name           ; DE1_top                                     ;
; Family                          ; Cyclone V                                   ;
; Device                          ; 5CSEMA5F31C6                                ;
; Timing Models                   ; Final                                       ;
; Logic utilization (in ALMs)     ; N/A                                         ;
; Total registers                 ; 32                                          ;
; Total pins                      ; 75                                          ;
; Total virtual pins              ; 0                                           ;
; Total block memory bits         ; 0                                           ;
; Total DSP Blocks                ; 0                                           ;
; Total HSSI RX PCSs              ; 0                                           ;
; Total HSSI PMA RX Deserializers ; 0                                           ;
; Total HSSI TX PCSs              ; 0                                           ;
; Total HSSI PMA TX Serializers   ; 0                                           ;
; Total PLLs                      ; 0                                           ;
; Total DLLs                      ; 0                                           ;
+---------------------------------+---------------------------------------------+


+-----------------------------------------+
; Flow Settings                           ;
+-------------------+---------------------+
; Option            ; Setting             ;
+-------------------+---------------------+
; Start date & time ; 10/02/2016 20:10:07 ;
; Main task         ; Compilation         ;
; Revision Name     ; DE1_SOC_golden_top  ;
+-------------------+---------------------+


+----------------------------------------------------------------------------------------------------------------------------------------+
; Flow Non-Default Global Settings                                                                                                       ;
+--------------------------------------------+---------------------------------------+--------------------+-------------+----------------+
; Assignment Name                            ; Value                                 ; Default Value      ; Entity Name ; Section Id     ;
+--------------------------------------------+---------------------------------------+--------------------+-------------+----------------+
; COMPILER_SIGNATURE_ID                      ; 145361415588805.147545700708384       ; --                 ; --          ; --             ;
; EDA_DESIGN_INSTANCE_NAME                   ; NA                                    ; --                 ; --          ; gen_counter_tb ;
; EDA_GENERATE_RTL_SIMULATION_COMMAND_SCRIPT ; On                                    ; --                 ; --          ; eda_simulation ;
; EDA_NATIVELINK_SIMULATION_TEST_BENCH       ; gen_counter_tb                        ; --                 ; --          ; eda_simulation ;
; EDA_OUTPUT_DATA_FORMAT                     ; Vhdl                                  ; --                 ; --          ; eda_simulation ;
; EDA_SIMULATION_TOOL                        ; ModelSim-Altera (VHDL)                ; <None>             ; --          ; --             ;
; EDA_TEST_BENCH_ENABLE_STATUS               ; NOT_USED                              ; --                 ; --          ; eda_simulation ;
; EDA_TEST_BENCH_FILE                        ; gen_counter.vhd                       ; --                 ; --          ; gen_counter_tb ;
; EDA_TEST_BENCH_FILE                        ; gen_counter_tb.vhd                    ; --                 ; --          ; gen_counter_tb ;
; EDA_TEST_BENCH_MODULE_NAME                 ; gen_counter_tb                        ; --                 ; --          ; gen_counter_tb ;
; EDA_TEST_BENCH_NAME                        ; gen_counter_tb                        ; --                 ; --          ; eda_simulation ;
; EDA_TEST_BENCH_RUN_SIM_FOR                 ; 100 ns                                ; --                 ; --          ; gen_counter_tb ;
; MAX_CORE_JUNCTION_TEMP                     ; 85                                    ; --                 ; --          ; --             ;
; MIN_CORE_JUNCTION_TEMP                     ; 0                                     ; --                 ; --          ; --             ;
; PARTITION_COLOR                            ; 16764057                              ; --                 ; DE1_top     ; Top            ;
; PARTITION_FITTER_PRESERVATION_LEVEL        ; PLACEMENT_AND_ROUTING                 ; --                 ; DE1_top     ; Top            ;
; PARTITION_NETLIST_TYPE                     ; SOURCE                                ; --                 ; DE1_top     ; Top            ;
; POWER_BOARD_THERMAL_MODEL                  ; None (CONSERVATIVE)                   ; --                 ; --          ; --             ;
; POWER_PRESET_COOLING_SOLUTION              ; 23 MM HEAT SINK WITH 200 LFPM AIRFLOW ; --                 ; --          ; --             ;
; TOP_LEVEL_ENTITY                           ; DE1_top                               ; DE1_SOC_golden_top ; --          ; --             ;
+--------------------------------------------+---------------------------------------+--------------------+-------------+----------------+


+--------------------------------------------------------------------------------------------------------------------------+
; Flow Elapsed Time                                                                                                        ;
+----------------------+--------------+-------------------------+---------------------+------------------------------------+
; Module Name          ; Elapsed Time ; Average Processors Used ; Peak Virtual Memory ; Total CPU Time (on all processors) ;
+----------------------+--------------+-------------------------+---------------------+------------------------------------+
; Analysis & Synthesis ; 00:00:44     ; 1.0                     ; 980 MB              ; 00:00:56                           ;
; Total                ; 00:00:44     ; --                      ; --                  ; 00:00:56                           ;
+----------------------+--------------+-------------------------+---------------------+------------------------------------+


+-----------------------------------------------------------------------------------+
; Flow OS Summary                                                                   ;
+----------------------+------------------+-----------+------------+----------------+
; Module Name          ; Machine Hostname ; OS Name   ; OS Version ; Processor type ;
+----------------------+------------------+-----------+------------+----------------+
; Analysis & Synthesis ; Paul             ; Windows 8 ; 6.2        ; x86_64         ;
+----------------------+------------------+-----------+------------+----------------+


------------
; Flow Log ;
------------
quartus_map --read_settings_files=on --write_settings_files=off DE1_base -c DE1_SOC_golden_top



